18:05:56:186 [cluster-ClusterId{value='69453eb005d53fd746c750f6', description='Cluster0'}-ac-9s13bn5-shard-00-01.pcjseqq.mongodb.net:27017] INFO  org.mongodb.driver.cluster  -  Exception in monitor thread while connecting to server ac-9s13bn5-shard-00-01.pcjseqq.mongodb.net:27017
com.mongodb.MongoSocketReadException: Exception receiving message
	at com.mongodb.internal.connection.InternalStreamConnection.translateReadException(InternalStreamConnection.java:809)
	at com.mongodb.internal.connection.InternalStreamConnection.receiveResponseBuffers(InternalStreamConnection.java:857)
	at com.mongodb.internal.connection.InternalStreamConnection.receiveCommandMessageResponse(InternalStreamConnection.java:517)
	at com.mongodb.internal.connection.InternalStreamConnection.receive(InternalStreamConnection.java:469)
	at com.mongodb.internal.connection.DefaultServerMonitor$ServerMonitor.lookupServerDescription(DefaultServerMonitor.java:249)
	at com.mongodb.internal.connection.DefaultServerMonitor$ServerMonitor.run(DefaultServerMonitor.java:176)
Caused by: java.net.SocketException: Connection reset
	at java.base/sun.nio.ch.NioSocketImpl.implRead(NioSocketImpl.java:317)
	at java.base/sun.nio.ch.NioSocketImpl.read(NioSocketImpl.java:345)
	at java.base/sun.nio.ch.NioSocketImpl$1.read(NioSocketImpl.java:790)
	at java.base/java.net.Socket$SocketInputStream.implRead(Socket.java:983)
	at java.base/java.net.Socket$SocketInputStream.read(Socket.java:970)
	at java.base/sun.security.ssl.SSLSocketInputRecord.read(SSLSocketInputRecord.java:489)
	at java.base/sun.security.ssl.SSLSocketInputRecord.readHeader(SSLSocketInputRecord.java:483)
	at java.base/sun.security.ssl.SSLSocketInputRecord.bytesInCompletePacket(SSLSocketInputRecord.java:70)
	at java.base/sun.security.ssl.SSLSocketImpl.readApplicationRecord(SSLSocketImpl.java:1461)
	at java.base/sun.security.ssl.SSLSocketImpl$AppInputStream.read(SSLSocketImpl.java:1068)
	at com.mongodb.internal.connection.SocketStream.read(SocketStream.java:182)
	at com.mongodb.internal.connection.InternalStreamConnection.receiveResponseBuffers(InternalStreamConnection.java:824)
	... 4 common frames omitted
18:05:56:198 [cluster-ClusterId{value='69453eb005d53fd746c750f6', description='Cluster0'}-ac-9s13bn5-shard-00-00.pcjseqq.mongodb.net:27017] INFO  org.mongodb.driver.cluster  -  Exception in monitor thread while connecting to server ac-9s13bn5-shard-00-00.pcjseqq.mongodb.net:27017
com.mongodb.MongoSocketReadException: Exception receiving message
	at com.mongodb.internal.connection.InternalStreamConnection.translateReadException(InternalStreamConnection.java:809)
	at com.mongodb.internal.connection.InternalStreamConnection.receiveResponseBuffers(InternalStreamConnection.java:857)
	at com.mongodb.internal.connection.InternalStreamConnection.receiveCommandMessageResponse(InternalStreamConnection.java:517)
	at com.mongodb.internal.connection.InternalStreamConnection.receive(InternalStreamConnection.java:469)
	at com.mongodb.internal.connection.DefaultServerMonitor$ServerMonitor.lookupServerDescription(DefaultServerMonitor.java:249)
	at com.mongodb.internal.connection.DefaultServerMonitor$ServerMonitor.run(DefaultServerMonitor.java:176)
Caused by: java.net.SocketException: Connection reset
	at java.base/sun.nio.ch.NioSocketImpl.implRead(NioSocketImpl.java:317)
	at java.base/sun.nio.ch.NioSocketImpl.read(NioSocketImpl.java:345)
	at java.base/sun.nio.ch.NioSocketImpl$1.read(NioSocketImpl.java:790)
	at java.base/java.net.Socket$SocketInputStream.implRead(Socket.java:983)
	at java.base/java.net.Socket$SocketInputStream.read(Socket.java:970)
	at java.base/sun.security.ssl.SSLSocketInputRecord.read(SSLSocketInputRecord.java:489)
	at java.base/sun.security.ssl.SSLSocketInputRecord.readHeader(SSLSocketInputRecord.java:483)
	at java.base/sun.security.ssl.SSLSocketInputRecord.bytesInCompletePacket(SSLSocketInputRecord.java:70)
	at java.base/sun.security.ssl.SSLSocketImpl.readApplicationRecord(SSLSocketImpl.java:1461)
	at java.base/sun.security.ssl.SSLSocketImpl$AppInputStream.read(SSLSocketImpl.java:1068)
	at com.mongodb.internal.connection.SocketStream.read(SocketStream.java:182)
	at com.mongodb.internal.connection.InternalStreamConnection.receiveResponseBuffers(InternalStreamConnection.java:824)
	... 4 common frames omitted
18:05:56:198 [cluster-ClusterId{value='69453eb005d53fd746c750f6', description='Cluster0'}-ac-9s13bn5-shard-00-02.pcjseqq.mongodb.net:27017] INFO  org.mongodb.driver.cluster  -  Exception in monitor thread while connecting to server ac-9s13bn5-shard-00-02.pcjseqq.mongodb.net:27017
com.mongodb.MongoSocketReadException: Exception receiving message
	at com.mongodb.internal.connection.InternalStreamConnection.translateReadException(InternalStreamConnection.java:809)
	at com.mongodb.internal.connection.InternalStreamConnection.receiveResponseBuffers(InternalStreamConnection.java:857)
	at com.mongodb.internal.connection.InternalStreamConnection.receiveCommandMessageResponse(InternalStreamConnection.java:517)
	at com.mongodb.internal.connection.InternalStreamConnection.receive(InternalStreamConnection.java:469)
	at com.mongodb.internal.connection.DefaultServerMonitor$ServerMonitor.lookupServerDescription(DefaultServerMonitor.java:249)
	at com.mongodb.internal.connection.DefaultServerMonitor$ServerMonitor.run(DefaultServerMonitor.java:176)
Caused by: java.net.SocketException: Connection reset
	at java.base/sun.nio.ch.NioSocketImpl.implRead(NioSocketImpl.java:317)
	at java.base/sun.nio.ch.NioSocketImpl.read(NioSocketImpl.java:345)
	at java.base/sun.nio.ch.NioSocketImpl$1.read(NioSocketImpl.java:790)
	at java.base/java.net.Socket$SocketInputStream.implRead(Socket.java:983)
	at java.base/java.net.Socket$SocketInputStream.read(Socket.java:970)
	at java.base/sun.security.ssl.SSLSocketInputRecord.read(SSLSocketInputRecord.java:489)
	at java.base/sun.security.ssl.SSLSocketInputRecord.readHeader(SSLSocketInputRecord.java:483)
	at java.base/sun.security.ssl.SSLSocketInputRecord.bytesInCompletePacket(SSLSocketInputRecord.java:70)
	at java.base/sun.security.ssl.SSLSocketImpl.readApplicationRecord(SSLSocketImpl.java:1461)
	at java.base/sun.security.ssl.SSLSocketImpl$AppInputStream.read(SSLSocketImpl.java:1068)
	at com.mongodb.internal.connection.SocketStream.read(SocketStream.java:182)
	at com.mongodb.internal.connection.InternalStreamConnection.receiveResponseBuffers(InternalStreamConnection.java:824)
	... 4 common frames omitted
18:05:58:453 [cluster-ClusterId{value='69453eb005d53fd746c750f6', description='Cluster0'}-ac-9s13bn5-shard-00-00.pcjseqq.mongodb.net:27017] INFO  org.mongodb.driver.cluster  -  Monitor thread successfully connected to server with description ServerDescription{address=ac-9s13bn5-shard-00-00.pcjseqq.mongodb.net:27017, type=REPLICA_SET_SECONDARY, cryptd=false, state=CONNECTED, ok=true, minWireVersion=0, maxWireVersion=25, maxDocumentSize=16777216, logicalSessionTimeoutMinutes=30, roundTripTimeNanos=551118400, minRoundTripTimeNanos=0, setName='atlas-12s62p-shard-0', canonicalAddress=ac-9s13bn5-shard-00-00.pcjseqq.mongodb.net:27017, hosts=[ac-9s13bn5-shard-00-00.pcjseqq.mongodb.net:27017, ac-9s13bn5-shard-00-02.pcjseqq.mongodb.net:27017, ac-9s13bn5-shard-00-01.pcjseqq.mongodb.net:27017], passives=[], arbiters=[], primary='ac-9s13bn5-shard-00-01.pcjseqq.mongodb.net:27017', tagSet=TagSet{[Tag{name='availabilityZone', value='aps1-az1'}, Tag{name='diskState', value='READY'}, Tag{name='nodeType', value='ELECTABLE'}, Tag{name='provider', value='AWS'}, Tag{name='region', value='AP_SOUTH_1'}, Tag{name='workloadType', value='OPERATIONAL'}]}, electionId=null, setVersion=308, topologyVersion=TopologyVersion{processId=6942e367b7968962a05273a8, counter=4}, lastWriteDate=Fri Dec 19 18:05:58 IST 2025, lastUpdateTimeNanos=407868602932500}
18:05:58:453 [cluster-ClusterId{value='69453eb005d53fd746c750f6', description='Cluster0'}-ac-9s13bn5-shard-00-01.pcjseqq.mongodb.net:27017] INFO  org.mongodb.driver.cluster  -  Monitor thread successfully connected to server with description ServerDescription{address=ac-9s13bn5-shard-00-01.pcjseqq.mongodb.net:27017, type=REPLICA_SET_PRIMARY, cryptd=false, state=CONNECTED, ok=true, minWireVersion=0, maxWireVersion=25, maxDocumentSize=16777216, logicalSessionTimeoutMinutes=30, roundTripTimeNanos=579403100, minRoundTripTimeNanos=0, setName='atlas-12s62p-shard-0', canonicalAddress=ac-9s13bn5-shard-00-01.pcjseqq.mongodb.net:27017, hosts=[ac-9s13bn5-shard-00-00.pcjseqq.mongodb.net:27017, ac-9s13bn5-shard-00-02.pcjseqq.mongodb.net:27017, ac-9s13bn5-shard-00-01.pcjseqq.mongodb.net:27017], passives=[], arbiters=[], primary='ac-9s13bn5-shard-00-01.pcjseqq.mongodb.net:27017', tagSet=TagSet{[Tag{name='availabilityZone', value='aps1-az3'}, Tag{name='diskState', value='READY'}, Tag{name='nodeType', value='ELECTABLE'}, Tag{name='provider', value='AWS'}, Tag{name='region', value='AP_SOUTH_1'}, Tag{name='workloadType', value='OPERATIONAL'}]}, electionId=7fffffff0000000000000161, setVersion=308, topologyVersion=TopologyVersion{processId=6942e3aa53f7a5910c5ea7b8, counter=6}, lastWriteDate=Fri Dec 19 18:05:58 IST 2025, lastUpdateTimeNanos=407868619752800}
18:05:58:829 [cluster-ClusterId{value='69453eb005d53fd746c750f6', description='Cluster0'}-ac-9s13bn5-shard-00-01.pcjseqq.mongodb.net:27017] INFO  org.mongodb.driver.cluster  -  Discovered replica set primary ac-9s13bn5-shard-00-01.pcjseqq.mongodb.net:27017 with max election id 7fffffff0000000000000161 and max set version 308
18:05:59:292 [cluster-ClusterId{value='69453eb005d53fd746c750f6', description='Cluster0'}-ac-9s13bn5-shard-00-02.pcjseqq.mongodb.net:27017] INFO  org.mongodb.driver.cluster  -  Monitor thread successfully connected to server with description ServerDescription{address=ac-9s13bn5-shard-00-02.pcjseqq.mongodb.net:27017, type=REPLICA_SET_SECONDARY, cryptd=false, state=CONNECTED, ok=true, minWireVersion=0, maxWireVersion=25, maxDocumentSize=16777216, logicalSessionTimeoutMinutes=30, roundTripTimeNanos=258463000, minRoundTripTimeNanos=0, setName='atlas-12s62p-shard-0', canonicalAddress=ac-9s13bn5-shard-00-02.pcjseqq.mongodb.net:27017, hosts=[ac-9s13bn5-shard-00-00.pcjseqq.mongodb.net:27017, ac-9s13bn5-shard-00-02.pcjseqq.mongodb.net:27017, ac-9s13bn5-shard-00-01.pcjseqq.mongodb.net:27017], passives=[], arbiters=[], primary='ac-9s13bn5-shard-00-01.pcjseqq.mongodb.net:27017', tagSet=TagSet{[Tag{name='availabilityZone', value='aps1-az2'}, Tag{name='diskState', value='READY'}, Tag{name='nodeType', value='ELECTABLE'}, Tag{name='provider', value='AWS'}, Tag{name='region', value='AP_SOUTH_1'}, Tag{name='workloadType', value='OPERATIONAL'}]}, electionId=null, setVersion=308, topologyVersion=TopologyVersion{processId=6942e3ee92b93fb3d95398cb, counter=3}, lastWriteDate=Fri Dec 19 18:05:59 IST 2025, lastUpdateTimeNanos=407869470477700}
